<?xml version="1.0" encoding="UTF-8"?>
<!-- Generated by org.testng.reporters.JUnitReportReporter -->
<testsuite skipped="0" hostname="DESKTOP-US40NQO" name="Academy.HomePage" tests="1" failures="0" timestamp="2021-12-29T14:59:11 MST" time="17.474" errors="0">
  <testcase name="homePageNavigation" time="17.474" classname="Academy.HomePage"/>
  <system-out/>
</testsuite> <!-- Academy.HomePage -->
