<?xml version="1.0" encoding="UTF-8"?>
<!-- Generated by org.testng.reporters.JUnitReportReporter -->
<testsuite skipped="0" hostname="DESKTOP-US40NQO" name="Academy.HomePageTest" tests="2" failures="0" timestamp="2022-01-05T13:28:30 MST" time="24.368" errors="0">
  <testcase name="homePageNavigation" time="20.116" classname="Academy.HomePageTest"/>
  <system-out/>
  <testcase name="homePageNavigation" time="4.252" classname="Academy.HomePageTest"/>
  <system-out/>
</testsuite> <!-- Academy.HomePageTest -->
