<?xml version="1.0" encoding="UTF-8"?>
<!-- Generated by org.testng.reporters.JUnitReportReporter -->
<testsuite skipped="0" hostname="DESKTOP-US40NQO" name="Academy.LandingPageTest" tests="1" failures="0" timestamp="2022-01-05T13:28:30 MST" time="13.802" errors="0">
  <testcase name="homePageNavigation" time="13.802" classname="Academy.LandingPageTest"/>
  <system-out/>
</testsuite> <!-- Academy.LandingPageTest -->
