<?xml version="1.0" encoding="UTF-8"?>
<!-- Generated by org.testng.reporters.JUnitReportReporter -->
<testsuite skipped="0" hostname="DESKTOP-US40NQO" name="Academy.LandingPageTest" tests="1" failures="0" timestamp="2022-01-05T15:44:18 MST" time="12.660" errors="0">
  <testcase name="homePageNavigation" time="12.660" classname="Academy.LandingPageTest"/>
  <system-out/>
</testsuite> <!-- Academy.LandingPageTest -->
