<?xml version="1.0" encoding="UTF-8"?>
<!-- Generated by org.testng.reporters.JUnitReportReporter -->
<testsuite skipped="0" hostname="DESKTOP-US40NQO" name="Academy.HomePageTest" tests="2" failures="0" timestamp="2022-01-05T15:44:18 MST" time="21.623" errors="0">
  <testcase name="homePageNavigation" time="4.680" classname="Academy.HomePageTest"/>
  <system-out/>
  <testcase name="homePageNavigation" time="16.943" classname="Academy.HomePageTest"/>
  <system-out/>
</testsuite> <!-- Academy.HomePageTest -->
